shard_size = 0 shard_count = 0
Seeding random numbers with system clock 
name: case value: true
Data::m_score_type BLEU
Data::Scorer type from Scorer: BLEU
Loading Data from: run1.scores.dat and run1.features.dat
loading feature data from run1.features.dat
loading score data from run1.scores.dat
Loading Data from: run2.scores.dat and run2.features.dat
loading feature data from run2.features.dat
loading score data from run2.scores.dat
Loading Data from: run3.scores.dat and run3.features.dat
loading feature data from run3.features.dat
loading score data from run3.scores.dat
Loading Data from: run4.scores.dat and run4.features.dat
loading feature data from run4.features.dat
loading score data from run4.scores.dat
Data loaded : [Wall 4.65346 CPU 4.65271] seconds.
Creating a pool of 1 threads
Best point: 0.0644835 0.0192769 0.00698263 0.0115578 0.0451702 0.0342839 0.0582325 0.106722 -0.387698 0.084995 0.00168873 0.0330973 0.0722993 0.0735117  => 0.196872
Stopping... : [Wall 430.993 CPU 430.929] seconds.
